<?xml version="1.0" encoding="UTF-8"?>
<!-- Generated by org.testng.reporters.JUnitReportReporter -->
<testsuite hostname="DESKTOP-Ayesha" failures="0" tests="1" name="Sprint_9_Positive.PenaltyUsers" time="98.653" errors="0" timestamp="2024-08-16T10:59:09 IST" skipped="0">
  <testcase classname="Sprint_9_Positive.PenaltyUsers" name="PenaltyUsers" time="98.653"/>
  <system-out/>
</testsuite> <!-- Sprint_9_Positive.PenaltyUsers -->
