<?xml version="1.0" encoding="UTF-8"?>
<!-- Generated by org.testng.reporters.JUnitReportReporter -->
<testsuite hostname="DESKTOP-Ayesha" failures="0" tests="1" name="Sprint_9_Positive.Merchants" time="121.103" errors="0" timestamp="2024-08-16T12:12:21 IST" skipped="0">
  <testcase classname="Sprint_9_Positive.Merchants" name="Merchants" time="121.103"/>
  <system-out/>
</testsuite> <!-- Sprint_9_Positive.Merchants -->
