<?xml version="1.0" encoding="UTF-8"?>
<!-- Generated by org.testng.reporters.JUnitReportReporter -->
<testsuite hostname="DESKTOP-Ayesha" failures="0" tests="1" name="Sprint_8_Positive.RedeemGoldUsers" time="97.827" errors="0" timestamp="2024-07-15T10:39:26 IST" skipped="0">
  <testcase classname="Sprint_8_Positive.RedeemGoldUsers" name="RedeemGoldUsers" time="97.827"/>
  <system-out/>
</testsuite> <!-- Sprint_8_Positive.RedeemGoldUsers -->
