<?xml version="1.0" encoding="UTF-8"?>
<!-- Generated by org.testng.reporters.JUnitReportReporter -->
<testsuite hostname="DESKTOP-Ayesha" failures="0" tests="5" name="Sprint_8_Positive.Settings" time="355.294" errors="0" timestamp="2024-08-07T15:27:27 IST" skipped="0">
  <testcase classname="Sprint_8_Positive.Settings" name="SettingsRole" time="89.549"/>
  <system-out/>
  <testcase classname="Sprint_8_Positive.Settings" name="SettingsFmsUsers" time="108.205"/>
  <system-out/>
  <testcase classname="Sprint_8_Positive.Settings" name="SettingsOtpList" time="52.038"/>
  <system-out/>
  <testcase classname="Sprint_8_Positive.Settings" name="SettingsPaymentManagemet" time="63.000"/>
  <system-out/>
  <testcase classname="Sprint_8_Positive.Settings" name="SettingsAppManagement" time="42.502"/>
  <system-out/>
</testsuite> <!-- Sprint_8_Positive.Settings -->
