<?xml version="1.0" encoding="UTF-8"?>
<!-- Generated by org.testng.reporters.JUnitReportReporter -->
<testsuite hostname="DESKTOP-Ayesha" failures="0" tests="1" name="Sprint_8_Positive.Settings" time="257.854" errors="0" timestamp="2024-08-14T17:13:28 IST" skipped="0">
  <testcase classname="Sprint_8_Positive.Settings" name="SettingsOtpList" time="257.854"/>
  <system-out/>
</testsuite> <!-- Sprint_8_Positive.Settings -->
