<?xml version="1.0" encoding="UTF-8"?>
<!-- Generated by org.testng.reporters.JUnitReportReporter -->
<testsuite hostname="DESKTOP-Ayesha" failures="0" tests="5" name="Sprint_8_Positive.Settings" time="354.888" errors="0" timestamp="2024-07-15T16:54:22 IST" skipped="0">
  <testcase classname="Sprint_8_Positive.Settings" name="SettingsFmsUsers" time="107.877"/>
  <system-out/>
  <testcase classname="Sprint_8_Positive.Settings" name="SettingsPaymentManagemet" time="63.097"/>
  <system-out/>
  <testcase classname="Sprint_8_Positive.Settings" name="SettingsRole" time="89.583"/>
  <system-out/>
  <testcase classname="Sprint_8_Positive.Settings" name="SettingsAppManagement" time="42.905"/>
  <system-out/>
  <testcase classname="Sprint_8_Positive.Settings" name="SettingsOtpList" time="51.426"/>
  <system-out/>
</testsuite> <!-- Sprint_8_Positive.Settings -->
