<?xml version="1.0" encoding="UTF-8"?>
<!-- Generated by org.testng.reporters.JUnitReportReporter -->
<testsuite hostname="DESKTOP-Ayesha" failures="0" tests="1" name="Sprint_8_Positive.RedeemGoldUsers" time="97.869" errors="0" timestamp="2024-08-20T16:18:19 IST" skipped="0">
  <testcase classname="Sprint_8_Positive.RedeemGoldUsers" name="RedeemGoldUsers" time="97.869"/>
  <system-out/>
</testsuite> <!-- Sprint_8_Positive.RedeemGoldUsers -->
