<?xml version="1.0" encoding="UTF-8"?>
<!-- Generated by org.testng.reporters.JUnitReportReporter -->
<testsuite hostname="DESKTOP-Ayesha" failures="0" tests="1" name="Sprint_10_Positive.Schemes" time="120.628" errors="0" timestamp="2024-08-26T18:02:40 IST" skipped="0">
  <testcase classname="Sprint_10_Positive.Schemes" name="SchemesUpdated" time="120.628"/>
  <system-out/>
</testsuite> <!-- Sprint_10_Positive.Schemes -->
